0 info it worked if it ends with ok
1 verbose cli [ '/Users/aimeeknight/.nvm/versions/node/v4.3.0/bin/node',
1 verbose cli   '/Users/aimeeknight/.nvm/versions/node/v4.3.0/bin/npm',
1 verbose cli   'start' ]
2 info using npm@3.8.0
3 info using node@v4.3.0
4 verbose run-script [ 'prestart', 'start', 'poststart' ]
5 info lifecycle Minesweeper@~prestart: Minesweeper@
6 silly lifecycle Minesweeper@~prestart: no script for prestart, continuing
7 info lifecycle Minesweeper@~start: Minesweeper@
8 verbose lifecycle Minesweeper@~start: unsafe-perm in lifecycle true
9 verbose lifecycle Minesweeper@~start: PATH: /Users/aimeeknight/.nvm/versions/node/v4.3.0/lib/node_modules/npm/bin/node-gyp-bin:/Users/aimeeknight/code/Minesweeper/node_modules/.bin:/Users/aimeeknight/.nvm/versions/node/v4.3.0/bin:/Users/aimeeknight/scripts:/Users/aimeeknight/.nvm/versions/node/v4.3.0/bin:/usr/local/bin:/usr/bin:/bin:/usr/sbin:/sbin
10 verbose lifecycle Minesweeper@~start: CWD: /Users/aimeeknight/code/Minesweeper
11 silly lifecycle Minesweeper@~start: Args: [ '-c',
11 silly lifecycle   'webpack-dev-server --progess --colors --content-base app --port 8080' ]
12 silly lifecycle Minesweeper@~start: Returned: code: 1  signal: null
13 info lifecycle Minesweeper@~start: Failed to exec start script
14 verbose stack Error: Minesweeper@ start: `webpack-dev-server --progess --colors --content-base app --port 8080`
14 verbose stack Exit status 1
14 verbose stack     at EventEmitter.<anonymous> (/Users/aimeeknight/.nvm/versions/node/v4.3.0/lib/node_modules/npm/lib/utils/lifecycle.js:239:16)
14 verbose stack     at emitTwo (events.js:87:13)
14 verbose stack     at EventEmitter.emit (events.js:172:7)
14 verbose stack     at ChildProcess.<anonymous> (/Users/aimeeknight/.nvm/versions/node/v4.3.0/lib/node_modules/npm/lib/utils/spawn.js:24:14)
14 verbose stack     at emitTwo (events.js:87:13)
14 verbose stack     at ChildProcess.emit (events.js:172:7)
14 verbose stack     at maybeClose (internal/child_process.js:821:16)
14 verbose stack     at Process.ChildProcess._handle.onexit (internal/child_process.js:211:5)
15 verbose pkgid Minesweeper@
16 verbose cwd /Users/aimeeknight/code/Minesweeper
17 error Darwin 15.4.0
18 error argv "/Users/aimeeknight/.nvm/versions/node/v4.3.0/bin/node" "/Users/aimeeknight/.nvm/versions/node/v4.3.0/bin/npm" "start"
19 error node v4.3.0
20 error npm  v3.8.0
21 error code ELIFECYCLE
22 error Minesweeper@ start: `webpack-dev-server --progess --colors --content-base app --port 8080`
22 error Exit status 1
23 error Failed at the Minesweeper@ start script 'webpack-dev-server --progess --colors --content-base app --port 8080'.
23 error Make sure you have the latest version of node.js and npm installed.
23 error If you do, this is most likely a problem with the Minesweeper package,
23 error not with npm itself.
23 error Tell the author that this fails on your system:
23 error     webpack-dev-server --progess --colors --content-base app --port 8080
23 error You can get information on how to open an issue for this project with:
23 error     npm bugs Minesweeper
23 error Or if that isn't available, you can get their info via:
23 error     npm owner ls Minesweeper
23 error There is likely additional logging output above.
24 verbose exit [ 1, true ]
